<?xml version="1.0" encoding="UTF-8"?>
<coverage generated="1777790393463" clover="3.2.0">
  <project timestamp="1777790393463" name="All files">
    <metrics statements="145" coveredstatements="134" conditionals="91" coveredconditionals="74" methods="46" coveredmethods="36" elements="282" coveredelements="244" complexity="0" loc="145" ncloc="145" packages="2" files="6" classes="6"/>
    <package name="components">
      <metrics statements="131" coveredstatements="121" conditionals="88" coveredconditionals="73" methods="43" coveredmethods="33"/>
      <file name="Assistant.tsx" path="F:\elu\frontend\src\components\Assistant.tsx">
        <metrics statements="51" coveredstatements="49" conditionals="26" coveredconditionals="23" methods="16" coveredmethods="15"/>
        <line num="1" count="1" type="stmt"/>
        <line num="2" count="1" type="stmt"/>
        <line num="3" count="1" type="stmt"/>
        <line num="4" count="1" type="stmt"/>
        <line num="5" count="1" type="stmt"/>
        <line num="14" count="1" type="stmt"/>
        <line num="21" count="1" type="stmt"/>
        <line num="22" count="15" type="stmt"/>
        <line num="23" count="15" type="stmt"/>
        <line num="26" count="15" type="stmt"/>
        <line num="27" count="15" type="stmt"/>
        <line num="28" count="15" type="stmt"/>
        <line num="30" count="15" type="stmt"/>
        <line num="31" count="12" type="stmt"/>
        <line num="34" count="15" type="stmt"/>
        <line num="35" count="12" type="stmt"/>
        <line num="38" count="15" type="stmt"/>
        <line num="39" count="3" type="cond" truecount="2" falsecount="1"/>
        <line num="41" count="3" type="stmt"/>
        <line num="42" count="3" type="stmt"/>
        <line num="43" count="3" type="stmt"/>
        <line num="44" count="3" type="stmt"/>
        <line num="46" count="3" type="stmt"/>
        <line num="47" count="3" type="stmt"/>
        <line num="49" count="2" type="stmt"/>
        <line num="54" count="2" type="stmt"/>
        <line num="56" count="1" type="stmt"/>
        <line num="61" count="1" type="stmt"/>
        <line num="63" count="3" type="stmt"/>
        <line num="67" count="15" type="stmt"/>
        <line num="69" count="15" type="stmt"/>
        <line num="70" count="1" type="stmt"/>
        <line num="71" count="1" type="cond" truecount="0" falsecount="1"/>
        <line num="73" count="1" type="stmt"/>
        <line num="74" count="1" type="stmt"/>
        <line num="75" count="1" type="stmt"/>
        <line num="76" count="1" type="stmt"/>
        <line num="82" count="1" type="stmt"/>
        <line num="85" count="1" type="stmt"/>
        <line num="90" count="1" type="stmt"/>
        <line num="92" count="0" type="stmt"/>
        <line num="94" count="1" type="stmt"/>
        <line num="98" count="15" type="stmt"/>
        <line num="99" count="2" type="stmt"/>
        <line num="100" count="2" type="stmt"/>
        <line num="103" count="15" type="stmt"/>
        <line num="125" count="26" type="cond" truecount="2" falsecount="0"/>
        <line num="169" count="44" type="stmt"/>
        <line num="171" count="1" type="stmt"/>
        <line num="185" count="2" type="stmt"/>
        <line num="194" count="0" type="stmt"/>
      </file>
      <file name="Checklist.tsx" path="F:\elu\frontend\src\components\Checklist.tsx">
        <metrics statements="30" coveredstatements="28" conditionals="25" coveredconditionals="20" methods="11" coveredmethods="9"/>
        <line num="1" count="1" type="stmt"/>
        <line num="2" count="1" type="stmt"/>
        <line num="3" count="1" type="stmt"/>
        <line num="11" count="1" type="stmt"/>
        <line num="12" count="7" type="stmt"/>
        <line num="13" count="7" type="stmt"/>
        <line num="14" count="7" type="stmt"/>
        <line num="16" count="7" type="stmt"/>
        <line num="17" count="3" type="stmt"/>
        <line num="18" count="3" type="stmt"/>
        <line num="19" count="3" type="stmt"/>
        <line num="20" count="2" type="cond" truecount="3" falsecount="0"/>
        <line num="21" count="2" type="stmt"/>
        <line num="24" count="1" type="stmt"/>
        <line num="26" count="1" type="stmt"/>
        <line num="31" count="3" type="stmt"/>
        <line num="34" count="3" type="stmt"/>
        <line num="37" count="7" type="stmt"/>
        <line num="38" count="1" type="stmt"/>
        <line num="39" count="1" type="stmt"/>
        <line num="40" count="2" type="cond" truecount="2" falsecount="0"/>
        <line num="41" count="1" type="stmt"/>
        <line num="43" count="0" type="stmt"/>
        <line num="45" count="0" type="cond" truecount="0" falsecount="2"/>
        <line num="49" count="7" type="cond" truecount="5" falsecount="0"/>
        <line num="50" count="8" type="stmt"/>
        <line num="53" count="7" type="stmt"/>
        <line num="73" count="8" type="cond" truecount="0" falsecount="1"/>
        <line num="74" count="8" type="stmt"/>
        <line num="80" count="1" type="stmt"/>
      </file>
      <file name="ElectionLifecycle.tsx" path="F:\elu\frontend\src\components\ElectionLifecycle.tsx">
        <metrics statements="13" coveredstatements="8" conditionals="10" coveredconditionals="8" methods="9" coveredmethods="2"/>
        <line num="1" count="1" type="stmt"/>
        <line num="2" count="1" type="stmt"/>
        <line num="3" count="1" type="stmt"/>
        <line num="5" count="1" type="stmt"/>
        <line num="80" count="1" type="stmt"/>
        <line num="81" count="13" type="stmt"/>
        <line num="83" count="12" type="stmt"/>
        <line num="98" count="72" type="stmt"/>
        <line num="100" count="0" type="stmt"/>
        <line num="141" count="0" type="stmt"/>
        <line num="152" count="0" type="stmt"/>
        <line num="160" count="0" type="cond" truecount="0" falsecount="2"/>
        <line num="164" count="0" type="stmt"/>
      </file>
      <file name="Scenarios.tsx" path="F:\elu\frontend\src\components\Scenarios.tsx">
        <metrics statements="37" coveredstatements="36" conditionals="27" coveredconditionals="22" methods="7" coveredmethods="7"/>
        <line num="1" count="1" type="stmt"/>
        <line num="2" count="1" type="stmt"/>
        <line num="3" count="1" type="stmt"/>
        <line num="12" count="1" type="stmt"/>
        <line num="33" count="1" type="stmt"/>
        <line num="34" count="12" type="stmt"/>
        <line num="35" count="12" type="stmt"/>
        <line num="36" count="12" type="stmt"/>
        <line num="37" count="12" type="stmt"/>
        <line num="39" count="12" type="stmt"/>
        <line num="40" count="4" type="cond" truecount="0" falsecount="1"/>
        <line num="41" count="4" type="stmt"/>
        <line num="43" count="4" type="cond" truecount="1" falsecount="0"/>
        <line num="44" count="3" type="stmt"/>
        <line num="45" count="3" type="stmt"/>
        <line num="47" count="0" type="stmt"/>
        <line num="52" count="12" type="stmt"/>
        <line num="53" count="3" type="cond" truecount="2" falsecount="0"/>
        <line num="54" count="2" type="stmt"/>
        <line num="55" count="2" type="stmt"/>
        <line num="57" count="1" type="stmt"/>
        <line num="61" count="12" type="cond" truecount="1" falsecount="0"/>
        <line num="62" count="1" type="stmt"/>
        <line num="68" count="1" type="stmt"/>
        <line num="77" count="11" type="stmt"/>
        <line num="78" count="11" type="cond" truecount="0" falsecount="1"/>
        <line num="80" count="11" type="stmt"/>
        <line num="94" count="22" type="cond" truecount="0" falsecount="1"/>
        <line num="95" count="22" type="stmt"/>
        <line num="96" count="22" type="stmt"/>
        <line num="98" count="22" type="cond" truecount="2" falsecount="0"/>
        <line num="99" count="14" type="stmt"/>
        <line num="100" count="8" type="cond" truecount="2" falsecount="0"/>
        <line num="101" count="4" type="cond" truecount="2" falsecount="0"/>
        <line num="103" count="4" type="stmt"/>
        <line num="106" count="22" type="stmt"/>
        <line num="110" count="4" type="stmt"/>
      </file>
    </package>
    <package name="i18n">
      <metrics statements="14" coveredstatements="13" conditionals="3" coveredconditionals="1" methods="3" coveredmethods="3"/>
      <file name="LanguageContext.tsx" path="F:\elu\frontend\src\i18n\LanguageContext.tsx">
        <metrics statements="13" coveredstatements="12" conditionals="3" coveredconditionals="1" methods="3" coveredmethods="3"/>
        <line num="1" count="1" type="stmt"/>
        <line num="2" count="1" type="stmt"/>
        <line num="10" count="1" type="stmt"/>
        <line num="12" count="1" type="stmt"/>
        <line num="13" count="5" type="stmt"/>
        <line num="15" count="5" type="stmt"/>
        <line num="16" count="15" type="cond" truecount="1" falsecount="1"/>
        <line num="19" count="5" type="stmt"/>
        <line num="27" count="1" type="stmt"/>
        <line num="28" count="15" type="stmt"/>
        <line num="29" count="15" type="cond" truecount="0" falsecount="1"/>
        <line num="30" count="0" type="stmt"/>
        <line num="32" count="15" type="stmt"/>
      </file>
      <file name="translations.ts" path="F:\elu\frontend\src\i18n\translations.ts">
        <metrics statements="1" coveredstatements="1" conditionals="0" coveredconditionals="0" methods="0" coveredmethods="0"/>
        <line num="1" count="1" type="stmt"/>
      </file>
    </package>
  </project>
</coverage>
