{"F:\\elu\\frontend\\src\\components\\Assistant.tsx": {"path":"F:\\elu\\frontend\\src\\components\\Assistant.tsx","statementMap":{"0":{"start":{"line":1,"column":0},"end":{"line":1,"column":59}},"1":{"start":{"line":2,"column":0},"end":{"line":2,"column":97}},"2":{"start":{"line":3,"column":0},"end":{"line":3,"column":60}},"3":{"start":{"line":4,"column":0},"end":{"line":4,"column":34}},"4":{"start":{"line":5,"column":0},"end":{"line":5,"column":54}},"5":{"start":{"line":14,"column":25},"end":{"line":19,"column":2}},"6":{"start":{"line":21,"column":35},"end":{"line":229,"column":1}},"7":{"start":{"line":22,"column":16},"end":{"line":22,"column":29}},"8":{"start":{"line":23,"column":34},"end":{"line":25,"column":4}},"9":{"start":{"line":26,"column":28},"end":{"line":26,"column":40}},"10":{"start":{"line":27,"column":36},"end":{"line":27,"column":51}},"11":{"start":{"line":28,"column":25},"end":{"line":28,"column":53}},"12":{"start":{"line":30,"column":25},"end":{"line":32,"column":3}},"13":{"start":{"line":31,"column":4},"end":{"line":31,"column":67}},"14":{"start":{"line":34,"column":2},"end":{"line":36,"column":17}},"15":{"start":{"line":35,"column":4},"end":{"line":35,"column":21}},"16":{"start":{"line":38,"column":20},"end":{"line":65,"column":3}},"17":{"start":{"line":39,"column":4},"end":{"line":39,"column":43}},"18":{"start":{"line":39,"column":36},"end":{"line":39,"column":43}},"19":{"start":{"line":41,"column":33},"end":{"line":41,"column":99}},"20":{"start":{"line":42,"column":4},"end":{"line":42,"column":48}},"21":{"start":{"line":42,"column":24},"end":{"line":42,"column":46}},"22":{"start":{"line":43,"column":4},"end":{"line":43,"column":17}},"23":{"start":{"line":44,"column":4},"end":{"line":44,"column":23}},"24":{"start":{"line":46,"column":4},"end":{"line":64,"column":5}},"25":{"start":{"line":47,"column":23},"end":{"line":47,"column":99}},"26":{"start":{"line":49,"column":33},"end":{"line":53,"column":8}},"27":{"start":{"line":54,"column":6},"end":{"line":54,"column":48}},"28":{"start":{"line":54,"column":26},"end":{"line":54,"column":46}},"29":{"start":{"line":56,"column":36},"end":{"line":60,"column":8}},"30":{"start":{"line":61,"column":6},"end":{"line":61,"column":51}},"31":{"start":{"line":61,"column":26},"end":{"line":61,"column":49}},"32":{"start":{"line":63,"column":6},"end":{"line":63,"column":26}},"33":{"start":{"line":67,"column":23},"end":{"line":67,"column":53}},"34":{"start":{"line":69,"column":27},"end":{"line":96,"column":3}},"35":{"start":{"line":70,"column":17},"end":{"line":70,"column":36}},"36":{"start":{"line":71,"column":4},"end":{"line":71,"column":22}},"37":{"start":{"line":71,"column":15},"end":{"line":71,"column":22}},"38":{"start":{"line":73,"column":4},"end":{"line":73,"column":23}},"39":{"start":{"line":74,"column":4},"end":{"line":95,"column":5}},"40":{"start":{"line":75,"column":22},"end":{"line":75,"column":44}},"41":{"start":{"line":76,"column":35},"end":{"line":81,"column":8}},"42":{"start":{"line":82,"column":6},"end":{"line":82,"column":50}},"43":{"start":{"line":82,"column":26},"end":{"line":82,"column":48}},"44":{"start":{"line":85,"column":33},"end":{"line":89,"column":8}},"45":{"start":{"line":90,"column":6},"end":{"line":90,"column":48}},"46":{"start":{"line":90,"column":26},"end":{"line":90,"column":46}},"47":{"start":{"line":92,"column":6},"end":{"line":92,"column":45}},"48":{"start":{"line":94,"column":6},"end":{"line":94,"column":26}},"49":{"start":{"line":98,"column":23},"end":{"line":101,"column":3}},"50":{"start":{"line":99,"column":4},"end":{"line":99,"column":23}},"51":{"start":{"line":100,"column":4},"end":{"line":100,"column":21}},"52":{"start":{"line":103,"column":2},"end":{"line":228,"column":4}},"53":{"start":{"line":125,"column":14},"end":{"line":125,"column":32}},"54":{"start":{"line":169,"column":18},"end":{"line":170,"column":null}},"55":{"start":{"line":171,"column":35},"end":{"line":171,"column":56}},"56":{"start":{"line":185,"column":33},"end":{"line":185,"column":57}},"57":{"start":{"line":194,"column":33},"end":{"line":194,"column":62}},"58":{"start":{"line":21,"column":13},"end":{"line":21,"column":35}}},"fnMap":{"0":{"name":"(anonymous_0)","decl":{"start":{"line":21,"column":35},"end":{"line":21,"column":38}},"loc":{"start":{"line":21,"column":40},"end":{"line":229,"column":1}}},"1":{"name":"(anonymous_1)","decl":{"start":{"line":30,"column":25},"end":{"line":30,"column":28}},"loc":{"start":{"line":30,"column":30},"end":{"line":32,"column":3}}},"2":{"name":"(anonymous_2)","decl":{"start":{"line":34,"column":12},"end":{"line":34,"column":15}},"loc":{"start":{"line":34,"column":17},"end":{"line":36,"column":3}}},"3":{"name":"(anonymous_3)","decl":{"start":{"line":38,"column":20},"end":{"line":38,"column":25}},"loc":{"start":{"line":38,"column":44},"end":{"line":65,"column":3}}},"4":{"name":"(anonymous_4)","decl":{"start":{"line":42,"column":16},"end":{"line":42,"column":20}},"loc":{"start":{"line":42,"column":24},"end":{"line":42,"column":46}}},"5":{"name":"(anonymous_5)","decl":{"start":{"line":54,"column":18},"end":{"line":54,"column":22}},"loc":{"start":{"line":54,"column":26},"end":{"line":54,"column":46}}},"6":{"name":"(anonymous_6)","decl":{"start":{"line":61,"column":18},"end":{"line":61,"column":22}},"loc":{"start":{"line":61,"column":26},"end":{"line":61,"column":49}}},"7":{"name":"(anonymous_7)","decl":{"start":{"line":69,"column":27},"end":{"line":69,"column":32}},"loc":{"start":{"line":69,"column":76},"end":{"line":96,"column":3}}},"8":{"name":"(anonymous_8)","decl":{"start":{"line":82,"column":18},"end":{"line":82,"column":22}},"loc":{"start":{"line":82,"column":26},"end":{"line":82,"column":48}}},"9":{"name":"(anonymous_9)","decl":{"start":{"line":90,"column":18},"end":{"line":90,"column":22}},"loc":{"start":{"line":90,"column":26},"end":{"line":90,"column":46}}},"10":{"name":"(anonymous_10)","decl":{"start":{"line":98,"column":23},"end":{"line":98,"column":24}},"loc":{"start":{"line":98,"column":46},"end":{"line":101,"column":3}}},"11":{"name":"(anonymous_11)","decl":{"start":{"line":124,"column":26},"end":{"line":124,"column":27}},"loc":{"start":{"line":125,"column":14},"end":{"line":125,"column":32}}},"12":{"name":"(anonymous_12)","decl":{"start":{"line":168,"column":38},"end":{"line":168,"column":39}},"loc":{"start":{"line":169,"column":18},"end":{"line":170,"column":null}}},"13":{"name":"(anonymous_13)","decl":{"start":{"line":171,"column":29},"end":{"line":171,"column":32}},"loc":{"start":{"line":171,"column":35},"end":{"line":171,"column":56}}},"14":{"name":"(anonymous_14)","decl":{"start":{"line":185,"column":26},"end":{"line":185,"column":27}},"loc":{"start":{"line":185,"column":33},"end":{"line":185,"column":57}}},"15":{"name":"(anonymous_15)","decl":{"start":{"line":194,"column":27},"end":{"line":194,"column":30}},"loc":{"start":{"line":194,"column":33},"end":{"line":194,"column":62}}}},"branchMap":{"0":{"loc":{"start":{"line":39,"column":4},"end":{"line":39,"column":43}},"type":"if","locations":[{"start":{"line":39,"column":4},"end":{"line":39,"column":43}}]},"1":{"loc":{"start":{"line":39,"column":8},"end":{"line":39,"column":34}},"type":"binary-expr","locations":[{"start":{"line":39,"column":8},"end":{"line":39,"column":21}},{"start":{"line":39,"column":25},"end":{"line":39,"column":34}}]},"2":{"loc":{"start":{"line":71,"column":4},"end":{"line":71,"column":22}},"type":"if","locations":[{"start":{"line":71,"column":4},"end":{"line":71,"column":22}}]},"3":{"loc":{"start":{"line":125,"column":51},"end":{"line":125,"column":104}},"type":"cond-expr","locations":[{"start":{"line":125,"column":73},"end":{"line":125,"column":86}},{"start":{"line":125,"column":89},"end":{"line":125,"column":104}}]},"4":{"loc":{"start":{"line":126,"column":58},"end":{"line":126,"column":111}},"type":"cond-expr","locations":[{"start":{"line":126,"column":80},"end":{"line":126,"column":98}},{"start":{"line":126,"column":101},"end":{"line":126,"column":111}}]},"5":{"loc":{"start":{"line":126,"column":130},"end":{"line":126,"column":171}},"type":"cond-expr","locations":[{"start":{"line":126,"column":152},"end":{"line":126,"column":157}},{"start":{"line":126,"column":160},"end":{"line":126,"column":171}}]},"6":{"loc":{"start":{"line":127,"column":117},"end":{"line":127,"column":218}},"type":"cond-expr","locations":[{"start":{"line":127,"column":139},"end":{"line":127,"column":164}},{"start":{"line":127,"column":167},"end":{"line":127,"column":218}}]},"7":{"loc":{"start":{"line":128,"column":21},"end":{"line":128,"column":101}},"type":"cond-expr","locations":[{"start":{"line":128,"column":43},"end":{"line":128,"column":71}},{"start":{"line":128,"column":74},"end":{"line":128,"column":101}}]},"8":{"loc":{"start":{"line":130,"column":85},"end":{"line":130,"column":236}},"type":"cond-expr","locations":[{"start":{"line":130,"column":107},"end":{"line":130,"column":158}},{"start":{"line":130,"column":161},"end":{"line":130,"column":236}}]},"9":{"loc":{"start":{"line":132,"column":21},"end":{"line":142,"column":null}},"type":"binary-expr","locations":[{"start":{"line":132,"column":21},"end":{"line":132,"column":35}},{"start":{"line":133,"column":22},"end":{"line":141,"column":null}}]},"10":{"loc":{"start":{"line":134,"column":25},"end":{"line":140,"column":null}},"type":"cond-expr","locations":[{"start":{"line":135,"column":26},"end":{"line":135,"column":101}},{"start":{"line":137,"column":26},"end":{"line":139,"column":null}}]},"11":{"loc":{"start":{"line":148,"column":13},"end":{"line":159,"column":null}},"type":"binary-expr","locations":[{"start":{"line":148,"column":13},"end":{"line":148,"column":22}},{"start":{"line":149,"column":14},"end":{"line":158,"column":null}}]},"12":{"loc":{"start":{"line":166,"column":13},"end":{"line":178,"column":null}},"type":"binary-expr","locations":[{"start":{"line":166,"column":13},"end":{"line":166,"column":32}},{"start":{"line":167,"column":14},"end":{"line":177,"column":null}}]},"13":{"loc":{"start":{"line":210,"column":26},"end":{"line":210,"column":52}},"type":"binary-expr","locations":[{"start":{"line":210,"column":26},"end":{"line":210,"column":35}},{"start":{"line":210,"column":39},"end":{"line":210,"column":52}}]}},"s":{"0":1,"1":1,"2":1,"3":1,"4":1,"5":1,"6":1,"7":15,"8":15,"9":15,"10":15,"11":15,"12":15,"13":12,"14":15,"15":12,"16":15,"17":3,"18":0,"19":3,"20":3,"21":3,"22":3,"23":3,"24":3,"25":3,"26":2,"27":2,"28":2,"29":1,"30":1,"31":1,"32":3,"33":15,"34":15,"35":1,"36":1,"37":0,"38":1,"39":1,"40":1,"41":1,"42":1,"43":1,"44":1,"45":1,"46":1,"47":0,"48":1,"49":15,"50":2,"51":2,"52":15,"53":26,"54":44,"55":1,"56":2,"57":0,"58":1},"f":{"0":15,"1":12,"2":12,"3":3,"4":3,"5":2,"6":1,"7":1,"8":1,"9":1,"10":2,"11":26,"12":44,"13":1,"14":2,"15":0},"b":{"0":[0],"1":[3,3],"2":[0],"3":[7,19],"4":[7,19],"5":[7,19],"6":[7,19],"7":[7,19],"8":[7,19],"9":[26,1],"10":[1,0],"11":[15,4],"12":[15,11],"13":[15,11]}}
,"F:\\elu\\frontend\\src\\components\\Checklist.tsx": {"path":"F:\\elu\\frontend\\src\\components\\Checklist.tsx","statementMap":{"0":{"start":{"line":1,"column":0},"end":{"line":1,"column":51}},"1":{"start":{"line":2,"column":0},"end":{"line":2,"column":61}},"2":{"start":{"line":3,"column":0},"end":{"line":3,"column":64}},"3":{"start":{"line":11,"column":35},"end":{"line":98,"column":1}},"4":{"start":{"line":12,"column":28},"end":{"line":12,"column":57}},"5":{"start":{"line":13,"column":32},"end":{"line":13,"column":46}},"6":{"start":{"line":14,"column":17},"end":{"line":14,"column":29}},"7":{"start":{"line":16,"column":2},"end":{"line":35,"column":9}},"8":{"start":{"line":17,"column":26},"end":{"line":33,"column":5}},"9":{"start":{"line":18,"column":6},"end":{"line":32,"column":7}},"10":{"start":{"line":19,"column":21},"end":{"line":19,"column":47}},"11":{"start":{"line":20,"column":8},"end":{"line":22,"column":9}},"12":{"start":{"line":21,"column":10},"end":{"line":21,"column":35}},"13":{"start":{"line":24,"column":8},"end":{"line":24,"column":55}},"14":{"start":{"line":26,"column":8},"end":{"line":29,"column":11}},"15":{"start":{"line":31,"column":8},"end":{"line":31,"column":26}},"16":{"start":{"line":34,"column":4},"end":{"line":34,"column":20}},"17":{"start":{"line":37,"column":21},"end":{"line":47,"column":3}},"18":{"start":{"line":38,"column":4},"end":{"line":46,"column":5}},"19":{"start":{"line":39,"column":24},"end":{"line":39,"column":38}},"20":{"start":{"line":40,"column":6},"end":{"line":40,"column":100}},"21":{"start":{"line":40,"column":23},"end":{"line":40,"column":98}},"22":{"start":{"line":40,"column":40},"end":{"line":40,"column":97}},"23":{"start":{"line":41,"column":6},"end":{"line":41,"column":51}},"24":{"start":{"line":43,"column":6},"end":{"line":43,"column":55}},"25":{"start":{"line":45,"column":6},"end":{"line":45,"column":104}},"26":{"start":{"line":45,"column":23},"end":{"line":45,"column":102}},"27":{"start":{"line":45,"column":40},"end":{"line":45,"column":101}},"28":{"start":{"line":49,"column":19},"end":{"line":51,"column":7}},"29":{"start":{"line":50,"column":25},"end":{"line":50,"column":37}},"30":{"start":{"line":53,"column":2},"end":{"line":97,"column":4}},"31":{"start":{"line":73,"column":12},"end":{"line":73,"column":35}},"32":{"start":{"line":73,"column":23},"end":{"line":73,"column":35}},"33":{"start":{"line":74,"column":12},"end":{"line":92,"column":14}},"34":{"start":{"line":80,"column":31},"end":{"line":80,"column":68}},"35":{"start":{"line":11,"column":13},"end":{"line":11,"column":35}}},"fnMap":{"0":{"name":"(anonymous_0)","decl":{"start":{"line":11,"column":35},"end":{"line":11,"column":38}},"loc":{"start":{"line":11,"column":40},"end":{"line":98,"column":1}}},"1":{"name":"(anonymous_1)","decl":{"start":{"line":16,"column":12},"end":{"line":16,"column":15}},"loc":{"start":{"line":16,"column":17},"end":{"line":35,"column":3}}},"2":{"name":"(anonymous_2)","decl":{"start":{"line":17,"column":26},"end":{"line":17,"column":31}},"loc":{"start":{"line":17,"column":37},"end":{"line":33,"column":5}}},"3":{"name":"(anonymous_3)","decl":{"start":{"line":37,"column":21},"end":{"line":37,"column":26}},"loc":{"start":{"line":37,"column":66},"end":{"line":47,"column":3}}},"4":{"name":"(anonymous_4)","decl":{"start":{"line":40,"column":15},"end":{"line":40,"column":19}},"loc":{"start":{"line":40,"column":23},"end":{"line":40,"column":98}}},"5":{"name":"(anonymous_5)","decl":{"start":{"line":40,"column":32},"end":{"line":40,"column":36}},"loc":{"start":{"line":40,"column":40},"end":{"line":40,"column":97}}},"6":{"name":"(anonymous_6)","decl":{"start":{"line":45,"column":15},"end":{"line":45,"column":19}},"loc":{"start":{"line":45,"column":23},"end":{"line":45,"column":102}}},"7":{"name":"(anonymous_7)","decl":{"start":{"line":45,"column":32},"end":{"line":45,"column":36}},"loc":{"start":{"line":45,"column":40},"end":{"line":45,"column":101}}},"8":{"name":"(anonymous_8)","decl":{"start":{"line":50,"column":20},"end":{"line":50,"column":21}},"loc":{"start":{"line":50,"column":25},"end":{"line":50,"column":37}}},"9":{"name":"(anonymous_9)","decl":{"start":{"line":72,"column":29},"end":{"line":72,"column":30}},"loc":{"start":{"line":72,"column":38},"end":{"line":93,"column":11}}},"10":{"name":"(anonymous_10)","decl":{"start":{"line":80,"column":25},"end":{"line":80,"column":28}},"loc":{"start":{"line":80,"column":31},"end":{"line":80,"column":68}}}},"branchMap":{"0":{"loc":{"start":{"line":20,"column":8},"end":{"line":22,"column":9}},"type":"if","locations":[{"start":{"line":20,"column":8},"end":{"line":22,"column":9}}]},"1":{"loc":{"start":{"line":20,"column":12},"end":{"line":20,"column":34}},"type":"binary-expr","locations":[{"start":{"line":20,"column":12},"end":{"line":20,"column":16}},{"start":{"line":20,"column":20},"end":{"line":20,"column":34}}]},"2":{"loc":{"start":{"line":40,"column":40},"end":{"line":40,"column":97}},"type":"cond-expr","locations":[{"start":{"line":40,"column":57},"end":{"line":40,"column":90}},{"start":{"line":40,"column":93},"end":{"line":40,"column":97}}]},"3":{"loc":{"start":{"line":45,"column":40},"end":{"line":45,"column":101}},"type":"cond-expr","locations":[{"start":{"line":45,"column":57},"end":{"line":45,"column":94}},{"start":{"line":45,"column":97},"end":{"line":45,"column":101}}]},"4":{"loc":{"start":{"line":49,"column":19},"end":{"line":51,"column":7}},"type":"cond-expr","locations":[{"start":{"line":50,"column":6},"end":{"line":50,"column":67}},{"start":{"line":51,"column":6},"end":{"line":51,"column":7}}]},"5":{"loc":{"start":{"line":49,"column":20},"end":{"line":49,"column":69}},"type":"binary-expr","locations":[{"start":{"line":49,"column":20},"end":{"line":49,"column":25}},{"start":{"line":49,"column":29},"end":{"line":49,"column":49}},{"start":{"line":49,"column":53},"end":{"line":49,"column":69}}]},"6":{"loc":{"start":{"line":66,"column":7},"end":{"line":94,"column":null}},"type":"cond-expr","locations":[{"start":{"line":67,"column":8},"end":{"line":68,"column":null}},{"start":{"line":71,"column":8},"end":{"line":93,"column":null}}]},"7":{"loc":{"start":{"line":72,"column":12},"end":{"line":72,"column":23}},"type":"binary-expr","locations":[{"start":{"line":72,"column":12},"end":{"line":72,"column":17}},{"start":{"line":72,"column":21},"end":{"line":72,"column":23}}]},"8":{"loc":{"start":{"line":73,"column":12},"end":{"line":73,"column":35}},"type":"if","locations":[{"start":{"line":73,"column":12},"end":{"line":73,"column":35}}]},"9":{"loc":{"start":{"line":78,"column":18},"end":{"line":78,"column":null}},"type":"cond-expr","locations":[{"start":{"line":78,"column":35},"end":{"line":78,"column":65}},{"start":{"line":78,"column":68},"end":{"line":78,"column":null}}]},"10":{"loc":{"start":{"line":83,"column":17},"end":{"line":86,"column":null}},"type":"cond-expr","locations":[{"start":{"line":84,"column":18},"end":{"line":84,"column":69}},{"start":{"line":86,"column":18},"end":{"line":86,"column":63}}]},"11":{"loc":{"start":{"line":88,"column":66},"end":{"line":88,"column":142}},"type":"cond-expr","locations":[{"start":{"line":88,"column":83},"end":{"line":88,"column":123}},{"start":{"line":88,"column":126},"end":{"line":88,"column":142}}]},"12":{"loc":{"start":{"line":76,"column":21},"end":{"line":76,"column":56}},"type":"binary-expr","locations":[{"start":{"line":76,"column":21},"end":{"line":76,"column":28}},{"start":{"line":76,"column":32},"end":{"line":76,"column":56}}]}},"s":{"0":1,"1":1,"2":1,"3":1,"4":7,"5":7,"6":7,"7":7,"8":3,"9":3,"10":3,"11":2,"12":2,"13":1,"14":1,"15":3,"16":3,"17":7,"18":1,"19":1,"20":1,"21":1,"22":2,"23":1,"24":0,"25":0,"26":0,"27":0,"28":7,"29":8,"30":7,"31":8,"32":0,"33":8,"34":1,"35":1},"f":{"0":7,"1":3,"2":3,"3":1,"4":1,"5":2,"6":0,"7":0,"8":8,"9":8,"10":1},"b":{"0":[2],"1":[2,2],"2":[1,1],"3":[0,0],"4":[4,3],"5":[7,7,7],"6":[3,4],"7":[4,0],"8":[0],"9":[4,4],"10":[4,4],"11":[4,4],"12":[8,0]}}
,"F:\\elu\\frontend\\src\\components\\ElectionLifecycle.tsx": {"path":"F:\\elu\\frontend\\src\\components\\ElectionLifecycle.tsx","statementMap":{"0":{"start":{"line":1,"column":0},"end":{"line":1,"column":40}},"1":{"start":{"line":2,"column":0},"end":{"line":2,"column":114}},"2":{"start":{"line":3,"column":0},"end":{"line":3,"column":56}},"3":{"start":{"line":5,"column":14},"end":{"line":78,"column":2}},"4":{"start":{"line":80,"column":43},"end":{"line":176,"column":1}},"5":{"start":{"line":81,"column":38},"end":{"line":81,"column":49}},"6":{"start":{"line":83,"column":2},"end":{"line":175,"column":4}},"7":{"start":{"line":98,"column":14},"end":{"line":99,"column":null}},"8":{"start":{"line":100,"column":31},"end":{"line":100,"column":49}},"9":{"start":{"line":141,"column":20},"end":{"line":141,"column":36}},"10":{"start":{"line":152,"column":31},"end":{"line":152,"column":75}},"11":{"start":{"line":152,"column":53},"end":{"line":152,"column":74}},"12":{"start":{"line":160,"column":18},"end":{"line":160,"column":31}},"13":{"start":{"line":164,"column":31},"end":{"line":164,"column":90}},"14":{"start":{"line":164,"column":53},"end":{"line":164,"column":89}},"15":{"start":{"line":80,"column":13},"end":{"line":80,"column":43}}},"fnMap":{"0":{"name":"(anonymous_0)","decl":{"start":{"line":80,"column":43},"end":{"line":80,"column":46}},"loc":{"start":{"line":80,"column":48},"end":{"line":176,"column":1}}},"1":{"name":"(anonymous_1)","decl":{"start":{"line":97,"column":23},"end":{"line":97,"column":24}},"loc":{"start":{"line":98,"column":14},"end":{"line":99,"column":null}}},"2":{"name":"(anonymous_2)","decl":{"start":{"line":100,"column":25},"end":{"line":100,"column":28}},"loc":{"start":{"line":100,"column":31},"end":{"line":100,"column":49}}},"3":{"name":"(anonymous_3)","decl":{"start":{"line":140,"column":49},"end":{"line":140,"column":50}},"loc":{"start":{"line":141,"column":20},"end":{"line":141,"column":36}}},"4":{"name":"(anonymous_4)","decl":{"start":{"line":152,"column":25},"end":{"line":152,"column":28}},"loc":{"start":{"line":152,"column":31},"end":{"line":152,"column":75}}},"5":{"name":"(anonymous_5)","decl":{"start":{"line":152,"column":45},"end":{"line":152,"column":49}},"loc":{"start":{"line":152,"column":53},"end":{"line":152,"column":74}}},"6":{"name":"(anonymous_6)","decl":{"start":{"line":159,"column":27},"end":{"line":159,"column":28}},"loc":{"start":{"line":160,"column":18},"end":{"line":160,"column":31}}},"7":{"name":"(anonymous_7)","decl":{"start":{"line":164,"column":25},"end":{"line":164,"column":28}},"loc":{"start":{"line":164,"column":31},"end":{"line":164,"column":90}}},"8":{"name":"(anonymous_8)","decl":{"start":{"line":164,"column":45},"end":{"line":164,"column":49}},"loc":{"start":{"line":164,"column":53},"end":{"line":164,"column":89}}}},"branchMap":{"0":{"loc":{"start":{"line":102,"column":18},"end":{"line":104,"column":null}},"type":"cond-expr","locations":[{"start":{"line":103,"column":22},"end":{"line":103,"column":84}},{"start":{"line":104,"column":22},"end":{"line":104,"column":null}}]},"1":{"loc":{"start":{"line":107,"column":50},"end":{"line":107,"column":101}},"type":"cond-expr","locations":[{"start":{"line":107,"column":71},"end":{"line":107,"column":84}},{"start":{"line":107,"column":87},"end":{"line":107,"column":101}}]},"2":{"loc":{"start":{"line":108,"column":51},"end":{"line":108,"column":103}},"type":"cond-expr","locations":[{"start":{"line":108,"column":72},"end":{"line":108,"column":84}},{"start":{"line":108,"column":87},"end":{"line":108,"column":103}}]},"3":{"loc":{"start":{"line":114,"column":17},"end":{"line":114,"column":83}},"type":"binary-expr","locations":[{"start":{"line":114,"column":17},"end":{"line":114,"column":35}},{"start":{"line":114,"column":39},"end":{"line":114,"column":83}}]},"4":{"loc":{"start":{"line":160,"column":92},"end":{"line":160,"column":151}},"type":"cond-expr","locations":[{"start":{"line":160,"column":111},"end":{"line":160,"column":130}},{"start":{"line":160,"column":133},"end":{"line":160,"column":151}}]}},"s":{"0":1,"1":1,"2":1,"3":1,"4":1,"5":13,"6":12,"7":72,"8":0,"9":0,"10":0,"11":0,"12":0,"13":0,"14":0,"15":1},"f":{"0":13,"1":72,"2":0,"3":0,"4":0,"5":0,"6":0,"7":0,"8":0},"b":{"0":[12,60],"1":[12,60],"2":[12,60],"3":[72,12],"4":[0,0]}}
,"F:\\elu\\frontend\\src\\components\\Scenarios.tsx": {"path":"F:\\elu\\frontend\\src\\components\\Scenarios.tsx","statementMap":{"0":{"start":{"line":1,"column":0},"end":{"line":1,"column":40}},"1":{"start":{"line":2,"column":0},"end":{"line":2,"column":79}},"2":{"start":{"line":3,"column":0},"end":{"line":3,"column":49}},"3":{"start":{"line":12,"column":34},"end":{"line":31,"column":2}},"4":{"start":{"line":33,"column":35},"end":{"line":139,"column":1}},"5":{"start":{"line":34,"column":46},"end":{"line":34,"column":65}},"6":{"start":{"line":35,"column":46},"end":{"line":35,"column":75}},"7":{"start":{"line":36,"column":36},"end":{"line":36,"column":60}},"8":{"start":{"line":37,"column":17},"end":{"line":37,"column":29}},"9":{"start":{"line":39,"column":23},"end":{"line":50,"column":3}},"10":{"start":{"line":40,"column":4},"end":{"line":40,"column":40}},"11":{"start":{"line":40,"column":33},"end":{"line":40,"column":40}},"12":{"start":{"line":41,"column":4},"end":{"line":41,"column":35}},"13":{"start":{"line":43,"column":4},"end":{"line":49,"column":5}},"14":{"start":{"line":44,"column":6},"end":{"line":48,"column":7}},"15":{"start":{"line":45,"column":8},"end":{"line":45,"column":77}},"16":{"start":{"line":47,"column":8},"end":{"line":47,"column":63}},"17":{"start":{"line":52,"column":23},"end":{"line":59,"column":3}},"18":{"start":{"line":53,"column":4},"end":{"line":58,"column":5}},"19":{"start":{"line":54,"column":6},"end":{"line":54,"column":42}},"20":{"start":{"line":54,"column":32},"end":{"line":54,"column":40}},"21":{"start":{"line":55,"column":6},"end":{"line":55,"column":30}},"22":{"start":{"line":57,"column":6},"end":{"line":57,"column":25}},"23":{"start":{"line":61,"column":2},"end":{"line":75,"column":3}},"24":{"start":{"line":62,"column":4},"end":{"line":74,"column":6}},"25":{"start":{"line":68,"column":27},"end":{"line":68,"column":48}},"26":{"start":{"line":68,"column":49},"end":{"line":68,"column":69}},"27":{"start":{"line":68,"column":70},"end":{"line":68,"column":94}},"28":{"start":{"line":77,"column":19},"end":{"line":77,"column":48}},"29":{"start":{"line":78,"column":2},"end":{"line":78,"column":29}},"30":{"start":{"line":78,"column":17},"end":{"line":78,"column":29}},"31":{"start":{"line":80,"column":2},"end":{"line":138,"column":4}},"32":{"start":{"line":94,"column":10},"end":{"line":94,"column":32}},"33":{"start":{"line":94,"column":20},"end":{"line":94,"column":32}},"34":{"start":{"line":95,"column":29},"end":{"line":95,"column":51}},"35":{"start":{"line":96,"column":25},"end":{"line":96,"column":106}},"36":{"start":{"line":98,"column":10},"end":{"line":104,"column":11}},"37":{"start":{"line":99,"column":12},"end":{"line":99,"column":71}},"38":{"start":{"line":100,"column":17},"end":{"line":104,"column":11}},"39":{"start":{"line":101,"column":12},"end":{"line":101,"column":134}},"40":{"start":{"line":103,"column":12},"end":{"line":103,"column":83}},"41":{"start":{"line":106,"column":10},"end":{"line":122,"column":12}},"42":{"start":{"line":110,"column":31},"end":{"line":110,"column":63}},"43":{"start":{"line":33,"column":13},"end":{"line":33,"column":35}}},"fnMap":{"0":{"name":"(anonymous_0)","decl":{"start":{"line":33,"column":35},"end":{"line":33,"column":38}},"loc":{"start":{"line":33,"column":40},"end":{"line":139,"column":1}}},"1":{"name":"(anonymous_1)","decl":{"start":{"line":39,"column":23},"end":{"line":39,"column":28}},"loc":{"start":{"line":39,"column":73},"end":{"line":50,"column":3}}},"2":{"name":"(anonymous_2)","decl":{"start":{"line":52,"column":23},"end":{"line":52,"column":26}},"loc":{"start":{"line":52,"column":28},"end":{"line":59,"column":3}}},"3":{"name":"(anonymous_3)","decl":{"start":{"line":54,"column":24},"end":{"line":54,"column":28}},"loc":{"start":{"line":54,"column":32},"end":{"line":54,"column":40}}},"4":{"name":"(anonymous_4)","decl":{"start":{"line":68,"column":19},"end":{"line":68,"column":22}},"loc":{"start":{"line":68,"column":24},"end":{"line":68,"column":96}}},"5":{"name":"(anonymous_5)","decl":{"start":{"line":93,"column":39},"end":{"line":93,"column":40}},"loc":{"start":{"line":93,"column":52},"end":{"line":123,"column":9}}},"6":{"name":"(anonymous_6)","decl":{"start":{"line":110,"column":25},"end":{"line":110,"column":28}},"loc":{"start":{"line":110,"column":31},"end":{"line":110,"column":63}}}},"branchMap":{"0":{"loc":{"start":{"line":40,"column":4},"end":{"line":40,"column":40}},"type":"if","locations":[{"start":{"line":40,"column":4},"end":{"line":40,"column":40}}]},"1":{"loc":{"start":{"line":43,"column":4},"end":{"line":49,"column":5}},"type":"if","locations":[{"start":{"line":43,"column":4},"end":{"line":49,"column":5}}]},"2":{"loc":{"start":{"line":53,"column":4},"end":{"line":58,"column":5}},"type":"if","locations":[{"start":{"line":53,"column":4},"end":{"line":58,"column":5}},{"start":{"line":56,"column":11},"end":{"line":58,"column":5}}]},"3":{"loc":{"start":{"line":61,"column":2},"end":{"line":75,"column":3}},"type":"if","locations":[{"start":{"line":61,"column":2},"end":{"line":75,"column":3}}]},"4":{"loc":{"start":{"line":78,"column":2},"end":{"line":78,"column":29}},"type":"if","locations":[{"start":{"line":78,"column":2},"end":{"line":78,"column":29}}]},"5":{"loc":{"start":{"line":93,"column":10},"end":{"line":93,"column":33}},"type":"binary-expr","locations":[{"start":{"line":93,"column":10},"end":{"line":93,"column":27}},{"start":{"line":93,"column":31},"end":{"line":93,"column":33}}]},"6":{"loc":{"start":{"line":94,"column":10},"end":{"line":94,"column":32}},"type":"if","locations":[{"start":{"line":94,"column":10},"end":{"line":94,"column":32}}]},"7":{"loc":{"start":{"line":98,"column":10},"end":{"line":104,"column":11}},"type":"if","locations":[{"start":{"line":98,"column":10},"end":{"line":104,"column":11}},{"start":{"line":100,"column":17},"end":{"line":104,"column":11}}]},"8":{"loc":{"start":{"line":100,"column":17},"end":{"line":104,"column":11}},"type":"if","locations":[{"start":{"line":100,"column":17},"end":{"line":104,"column":11}},{"start":{"line":102,"column":17},"end":{"line":104,"column":11}}]},"9":{"loc":{"start":{"line":101,"column":24},"end":{"line":101,"column":133}},"type":"cond-expr","locations":[{"start":{"line":101,"column":38},"end":{"line":101,"column":87}},{"start":{"line":101,"column":90},"end":{"line":101,"column":133}}]},"10":{"loc":{"start":{"line":115,"column":15},"end":{"line":119,"column":null}},"type":"binary-expr","locations":[{"start":{"line":115,"column":15},"end":{"line":115,"column":25}},{"start":{"line":116,"column":16},"end":{"line":118,"column":null}}]},"11":{"loc":{"start":{"line":116,"column":63},"end":{"line":116,"column":140}},"type":"cond-expr","locations":[{"start":{"line":116,"column":77},"end":{"line":116,"column":109}},{"start":{"line":116,"column":112},"end":{"line":116,"column":140}}]},"12":{"loc":{"start":{"line":117,"column":19},"end":{"line":117,"column":126}},"type":"cond-expr","locations":[{"start":{"line":117,"column":33},"end":{"line":117,"column":80}},{"start":{"line":117,"column":83},"end":{"line":117,"column":126}}]},"13":{"loc":{"start":{"line":126,"column":7},"end":{"line":135,"column":null}},"type":"binary-expr","locations":[{"start":{"line":126,"column":7},"end":{"line":126,"column":30}},{"start":{"line":127,"column":8},"end":{"line":134,"column":null}}]},"14":{"loc":{"start":{"line":132,"column":13},"end":{"line":132,"column":102}},"type":"cond-expr","locations":[{"start":{"line":132,"column":65},"end":{"line":132,"column":80}},{"start":{"line":132,"column":83},"end":{"line":132,"column":102}}]},"15":{"loc":{"start":{"line":132,"column":31},"end":{"line":132,"column":57}},"type":"binary-expr","locations":[{"start":{"line":132,"column":31},"end":{"line":132,"column":52}},{"start":{"line":132,"column":56},"end":{"line":132,"column":57}}]}},"s":{"0":1,"1":1,"2":1,"3":1,"4":1,"5":12,"6":12,"7":12,"8":12,"9":12,"10":4,"11":0,"12":4,"13":4,"14":3,"15":3,"16":0,"17":12,"18":3,"19":2,"20":2,"21":2,"22":1,"23":12,"24":1,"25":1,"26":1,"27":1,"28":11,"29":11,"30":0,"31":11,"32":22,"33":0,"34":22,"35":22,"36":22,"37":14,"38":8,"39":4,"40":4,"41":22,"42":4,"43":1},"f":{"0":12,"1":4,"2":3,"3":2,"4":1,"5":22,"6":4},"b":{"0":[0],"1":[3],"2":[2,1],"3":[1],"4":[0],"5":[11,0],"6":[0],"7":[14,8],"8":[4,4],"9":[3,1],"10":[22,4],"11":[3,1],"12":[3,1],"13":[11,4],"14":[3,1],"15":[4,0]}}
,"F:\\elu\\frontend\\src\\i18n\\LanguageContext.tsx": {"path":"F:\\elu\\frontend\\src\\i18n\\LanguageContext.tsx","statementMap":{"0":{"start":{"line":1,"column":0},"end":{"line":1,"column":67}},"1":{"start":{"line":2,"column":0},"end":{"line":2,"column":56}},"2":{"start":{"line":10,"column":24},"end":{"line":10,"column":81}},"3":{"start":{"line":12,"column":73},"end":{"line":24,"column":1}},"4":{"start":{"line":13,"column":34},"end":{"line":13,"column":58}},"5":{"start":{"line":15,"column":12},"end":{"line":17,"column":3}},"6":{"start":{"line":16,"column":4},"end":{"line":16,"column":66}},"7":{"start":{"line":19,"column":2},"end":{"line":23,"column":4}},"8":{"start":{"line":12,"column":13},"end":{"line":12,"column":73}},"9":{"start":{"line":27,"column":27},"end":{"line":33,"column":1}},"10":{"start":{"line":28,"column":18},"end":{"line":28,"column":45}},"11":{"start":{"line":29,"column":2},"end":{"line":31,"column":3}},"12":{"start":{"line":30,"column":4},"end":{"line":30,"column":74}},"13":{"start":{"line":32,"column":2},"end":{"line":32,"column":17}},"14":{"start":{"line":27,"column":13},"end":{"line":27,"column":27}}},"fnMap":{"0":{"name":"(anonymous_0)","decl":{"start":{"line":12,"column":73},"end":{"line":12,"column":74}},"loc":{"start":{"line":12,"column":90},"end":{"line":24,"column":1}}},"1":{"name":"(anonymous_1)","decl":{"start":{"line":15,"column":12},"end":{"line":15,"column":13}},"loc":{"start":{"line":15,"column":53},"end":{"line":17,"column":3}}},"2":{"name":"(anonymous_2)","decl":{"start":{"line":27,"column":27},"end":{"line":27,"column":30}},"loc":{"start":{"line":27,"column":32},"end":{"line":33,"column":1}}}},"branchMap":{"0":{"loc":{"start":{"line":16,"column":11},"end":{"line":16,"column":65}},"type":"binary-expr","locations":[{"start":{"line":16,"column":11},"end":{"line":16,"column":38}},{"start":{"line":16,"column":42},"end":{"line":16,"column":65}}]},"1":{"loc":{"start":{"line":29,"column":2},"end":{"line":31,"column":3}},"type":"if","locations":[{"start":{"line":29,"column":2},"end":{"line":31,"column":3}}]}},"s":{"0":1,"1":1,"2":1,"3":1,"4":5,"5":5,"6":15,"7":5,"8":1,"9":1,"10":15,"11":15,"12":0,"13":15,"14":1},"f":{"0":5,"1":15,"2":15},"b":{"0":[15,0],"1":[0]}}
,"F:\\elu\\frontend\\src\\i18n\\translations.ts": {"path":"F:\\elu\\frontend\\src\\i18n\\translations.ts","statementMap":{"0":{"start":{"line":1,"column":13},"end":{"line":82,"column":2}}},"fnMap":{},"branchMap":{},"s":{"0":1},"f":{},"b":{}}
}
