TN:
SF:src\components\Assistant.tsx
FN:21,(anonymous_0)
FN:30,(anonymous_1)
FN:34,(anonymous_2)
FN:38,(anonymous_3)
FN:42,(anonymous_4)
FN:54,(anonymous_5)
FN:61,(anonymous_6)
FN:69,(anonymous_7)
FN:82,(anonymous_8)
FN:90,(anonymous_9)
FN:98,(anonymous_10)
FN:124,(anonymous_11)
FN:168,(anonymous_12)
FN:171,(anonymous_13)
FN:185,(anonymous_14)
FN:194,(anonymous_15)
FNF:16
FNH:15
FNDA:15,(anonymous_0)
FNDA:12,(anonymous_1)
FNDA:12,(anonymous_2)
FNDA:3,(anonymous_3)
FNDA:3,(anonymous_4)
FNDA:2,(anonymous_5)
FNDA:1,(anonymous_6)
FNDA:1,(anonymous_7)
FNDA:1,(anonymous_8)
FNDA:1,(anonymous_9)
FNDA:2,(anonymous_10)
FNDA:26,(anonymous_11)
FNDA:44,(anonymous_12)
FNDA:1,(anonymous_13)
FNDA:2,(anonymous_14)
FNDA:0,(anonymous_15)
DA:1,1
DA:2,1
DA:3,1
DA:4,1
DA:5,1
DA:14,1
DA:21,1
DA:22,15
DA:23,15
DA:26,15
DA:27,15
DA:28,15
DA:30,15
DA:31,12
DA:34,15
DA:35,12
DA:38,15
DA:39,3
DA:41,3
DA:42,3
DA:43,3
DA:44,3
DA:46,3
DA:47,3
DA:49,2
DA:54,2
DA:56,1
DA:61,1
DA:63,3
DA:67,15
DA:69,15
DA:70,1
DA:71,1
DA:73,1
DA:74,1
DA:75,1
DA:76,1
DA:82,1
DA:85,1
DA:90,1
DA:92,0
DA:94,1
DA:98,15
DA:99,2
DA:100,2
DA:103,15
DA:125,26
DA:169,44
DA:171,1
DA:185,2
DA:194,0
LF:51
LH:49
BRDA:39,0,0,0
BRDA:39,1,0,3
BRDA:39,1,1,3
BRDA:71,2,0,0
BRDA:125,3,0,7
BRDA:125,3,1,19
BRDA:126,4,0,7
BRDA:126,4,1,19
BRDA:126,5,0,7
BRDA:126,5,1,19
BRDA:127,6,0,7
BRDA:127,6,1,19
BRDA:128,7,0,7
BRDA:128,7,1,19
BRDA:130,8,0,7
BRDA:130,8,1,19
BRDA:132,9,0,26
BRDA:132,9,1,1
BRDA:134,10,0,1
BRDA:134,10,1,0
BRDA:148,11,0,15
BRDA:148,11,1,4
BRDA:166,12,0,15
BRDA:166,12,1,11
BRDA:210,13,0,15
BRDA:210,13,1,11
BRF:26
BRH:23
end_of_record
TN:
SF:src\components\Checklist.tsx
FN:11,(anonymous_0)
FN:16,(anonymous_1)
FN:17,(anonymous_2)
FN:37,(anonymous_3)
FN:40,(anonymous_4)
FN:40,(anonymous_5)
FN:45,(anonymous_6)
FN:45,(anonymous_7)
FN:50,(anonymous_8)
FN:72,(anonymous_9)
FN:80,(anonymous_10)
FNF:11
FNH:9
FNDA:7,(anonymous_0)
FNDA:3,(anonymous_1)
FNDA:3,(anonymous_2)
FNDA:1,(anonymous_3)
FNDA:1,(anonymous_4)
FNDA:2,(anonymous_5)
FNDA:0,(anonymous_6)
FNDA:0,(anonymous_7)
FNDA:8,(anonymous_8)
FNDA:8,(anonymous_9)
FNDA:1,(anonymous_10)
DA:1,1
DA:2,1
DA:3,1
DA:11,1
DA:12,7
DA:13,7
DA:14,7
DA:16,7
DA:17,3
DA:18,3
DA:19,3
DA:20,2
DA:21,2
DA:24,1
DA:26,1
DA:31,3
DA:34,3
DA:37,7
DA:38,1
DA:39,1
DA:40,2
DA:41,1
DA:43,0
DA:45,0
DA:49,7
DA:50,8
DA:53,7
DA:73,8
DA:74,8
DA:80,1
LF:30
LH:28
BRDA:20,0,0,2
BRDA:20,1,0,2
BRDA:20,1,1,2
BRDA:40,2,0,1
BRDA:40,2,1,1
BRDA:45,3,0,0
BRDA:45,3,1,0
BRDA:49,4,0,4
BRDA:49,4,1,3
BRDA:49,5,0,7
BRDA:49,5,1,7
BRDA:49,5,2,7
BRDA:66,6,0,3
BRDA:66,6,1,4
BRDA:72,7,0,4
BRDA:72,7,1,0
BRDA:73,8,0,0
BRDA:78,9,0,4
BRDA:78,9,1,4
BRDA:83,10,0,4
BRDA:83,10,1,4
BRDA:88,11,0,4
BRDA:88,11,1,4
BRDA:76,12,0,8
BRDA:76,12,1,0
BRF:25
BRH:20
end_of_record
TN:
SF:src\components\ElectionLifecycle.tsx
FN:80,(anonymous_0)
FN:97,(anonymous_1)
FN:100,(anonymous_2)
FN:140,(anonymous_3)
FN:152,(anonymous_4)
FN:152,(anonymous_5)
FN:159,(anonymous_6)
FN:164,(anonymous_7)
FN:164,(anonymous_8)
FNF:9
FNH:2
FNDA:13,(anonymous_0)
FNDA:72,(anonymous_1)
FNDA:0,(anonymous_2)
FNDA:0,(anonymous_3)
FNDA:0,(anonymous_4)
FNDA:0,(anonymous_5)
FNDA:0,(anonymous_6)
FNDA:0,(anonymous_7)
FNDA:0,(anonymous_8)
DA:1,1
DA:2,1
DA:3,1
DA:5,1
DA:80,1
DA:81,13
DA:83,12
DA:98,72
DA:100,0
DA:141,0
DA:152,0
DA:160,0
DA:164,0
LF:13
LH:8
BRDA:102,0,0,12
BRDA:102,0,1,60
BRDA:107,1,0,12
BRDA:107,1,1,60
BRDA:108,2,0,12
BRDA:108,2,1,60
BRDA:114,3,0,72
BRDA:114,3,1,12
BRDA:160,4,0,0
BRDA:160,4,1,0
BRF:10
BRH:8
end_of_record
TN:
SF:src\components\Scenarios.tsx
FN:33,(anonymous_0)
FN:39,(anonymous_1)
FN:52,(anonymous_2)
FN:54,(anonymous_3)
FN:68,(anonymous_4)
FN:93,(anonymous_5)
FN:110,(anonymous_6)
FNF:7
FNH:7
FNDA:12,(anonymous_0)
FNDA:4,(anonymous_1)
FNDA:3,(anonymous_2)
FNDA:2,(anonymous_3)
FNDA:1,(anonymous_4)
FNDA:22,(anonymous_5)
FNDA:4,(anonymous_6)
DA:1,1
DA:2,1
DA:3,1
DA:12,1
DA:33,1
DA:34,12
DA:35,12
DA:36,12
DA:37,12
DA:39,12
DA:40,4
DA:41,4
DA:43,4
DA:44,3
DA:45,3
DA:47,0
DA:52,12
DA:53,3
DA:54,2
DA:55,2
DA:57,1
DA:61,12
DA:62,1
DA:68,1
DA:77,11
DA:78,11
DA:80,11
DA:94,22
DA:95,22
DA:96,22
DA:98,22
DA:99,14
DA:100,8
DA:101,4
DA:103,4
DA:106,22
DA:110,4
LF:37
LH:36
BRDA:40,0,0,0
BRDA:43,1,0,3
BRDA:53,2,0,2
BRDA:53,2,1,1
BRDA:61,3,0,1
BRDA:78,4,0,0
BRDA:93,5,0,11
BRDA:93,5,1,0
BRDA:94,6,0,0
BRDA:98,7,0,14
BRDA:98,7,1,8
BRDA:100,8,0,4
BRDA:100,8,1,4
BRDA:101,9,0,3
BRDA:101,9,1,1
BRDA:115,10,0,22
BRDA:115,10,1,4
BRDA:116,11,0,3
BRDA:116,11,1,1
BRDA:117,12,0,3
BRDA:117,12,1,1
BRDA:126,13,0,11
BRDA:126,13,1,4
BRDA:132,14,0,3
BRDA:132,14,1,1
BRDA:132,15,0,4
BRDA:132,15,1,0
BRF:27
BRH:22
end_of_record
TN:
SF:src\i18n\LanguageContext.tsx
FN:12,(anonymous_0)
FN:15,(anonymous_1)
FN:27,(anonymous_2)
FNF:3
FNH:3
FNDA:5,(anonymous_0)
FNDA:15,(anonymous_1)
FNDA:15,(anonymous_2)
DA:1,1
DA:2,1
DA:10,1
DA:12,1
DA:13,5
DA:15,5
DA:16,15
DA:19,5
DA:27,1
DA:28,15
DA:29,15
DA:30,0
DA:32,15
LF:13
LH:12
BRDA:16,0,0,15
BRDA:16,0,1,0
BRDA:29,1,0,0
BRF:3
BRH:1
end_of_record
TN:
SF:src\i18n\translations.ts
FNF:0
FNH:0
DA:1,1
LF:1
LH:1
BRF:0
BRH:0
end_of_record
